TN:
SF:./js/src/app.js
FN:6,(anonymous_1)
FNF:1
FNH:1
FNDA:7,(anonymous_1)
DA:3,1
DA:5,1
DA:7,7
DA:8,7
LF:4
LH:4
BRF:0
BRH:0
end_of_record
TN:
SF:./js/src/controllers/mainController.js
FN:3,(anonymous_1)
FN:6,(anonymous_2)
FNF:2
FNH:2
FNDA:3,(anonymous_1)
FNDA:3,(anonymous_2)
DA:3,1
DA:4,3
DA:6,3
DA:8,3
DA:11,3
DA:12,3
DA:14,3
DA:15,0
DA:16,0
DA:17,0
DA:18,0
DA:21,3
DA:22,3
DA:23,3
DA:26,3
DA:27,3
LF:16
LH:12
BRDA:14,1,0,0
BRDA:14,1,1,3
BRF:2
BRH:1
end_of_record
TN:
SF:./js/src/services/PigLatinFilterService.js
FN:2,(anonymous_1)
FN:4,(anonymous_2)
FN:38,(anonymous_3)
FN:43,(anonymous_4)
FNF:4
FNH:4
FNDA:7,(anonymous_1)
FNDA:10,(anonymous_2)
FNDA:2,(anonymous_3)
FNDA:6,(anonymous_4)
DA:1,1
DA:4,7
DA:6,10
DA:7,10
DA:9,10
DA:11,4
DA:16,6
DA:17,6
DA:18,16
DA:19,6
DA:23,6
DA:25,6
DA:26,6
DA:27,6
DA:30,0
DA:34,10
DA:38,7
DA:39,2
DA:40,2
DA:43,7
DA:44,6
DA:46,2
DA:47,2
DA:48,2
DA:49,6
DA:50,6
DA:51,4
DA:55,2
DA:59,4
DA:63,7
LF:30
LH:29
BRDA:9,1,0,4
BRDA:9,1,1,6
BRDA:18,2,0,6
BRDA:18,2,1,10
BRDA:23,3,0,6
BRDA:23,3,1,0
BRDA:44,4,0,2
BRDA:44,4,1,4
BRDA:50,5,0,4
BRDA:50,5,1,2
BRF:10
BRH:9
end_of_record
